<?xml version="1.0" encoding="UTF-8"?>
<!-- Generated by org.testng.reporters.JUnitXMLReporter -->
<testsuite hostname="DESKTOP-NLD5HU1" name="Test" tests="21" failures="0" timestamp="1 Sep 2019 09:16:05 GMT" time="357.097" errors="0">
  <testcase name="purchasesPageTitleTest" time="0.333" classname="com.eprocbiling.qa.testcases.PurchasesPageTest"/>
  <testcase name="transactionImageTest" time="0.193" classname="com.eprocbiling.qa.testcases.PurchasesPageTest"/>
  <testcase name="newPurchaseLinkTest" time="7.907" classname="com.eprocbiling.qa.testcases.PurchasesPageTest"/>
  <testcase name="purchaseOrderInquiryLinkTest" time="1.385" classname="com.eprocbiling.qa.testcases.PurchasesPageTest"/>
  <testcase name="customerLabelTest" time="0.171" classname="com.eprocbiling.qa.testcases.CustomerPageTest"/>
  <testcase name="addNewCustomerLinkTest" time="3.157" classname="com.eprocbiling.qa.testcases.CustomerPageTest"/>
  <testcase name="searchCustomerLabelTest" time="0.097" classname="com.eprocbiling.qa.testcases.CustomerPageTest"/>
  <testcase name="AddNewCustomerTest" time="1.506" classname="com.eprocbiling.qa.testcases.CustomerPageTest"/>
  <testcase name="searchCustomerFromTableTest" time="32.964" classname="com.eprocbiling.qa.testcases.CustomerPageTest"/>
  <testcase name="titleOfLoginPageTest" time="0.039" classname="com.eprocbiling.qa.testcases.LoginPageTest"/>
  <testcase name="loginLogoDisplayTest" time="0.082" classname="com.eprocbiling.qa.testcases.LoginPageTest"/>
  <testcase name="sourceforgeImageDisplayTest" time="0.08" classname="com.eprocbiling.qa.testcases.LoginPageTest"/>
  <testcase name="sourceForgeLinkTest" time="26.95" classname="com.eprocbiling.qa.testcases.LoginPageTest"/>
  <testcase name="loginCredentialsTest" time="3.026" classname="com.eprocbiling.qa.testcases.LoginPageTest"/>
  <testcase name="loginsuccessTest" time="3.552" classname="com.eprocbiling.qa.testcases.LoginPageTest"/>
  <testcase name="combinationOfLoginTestData" time="0.0" classname="com.eprocbiling.qa.testcases.LoginPageTest">
    <skipped/>
  </testcase> <!-- combinationOfLoginTestData -->
  <testcase name="homePageTitle" time="0.015" classname="com.eprocbiling.qa.testcases.HomePageTest"/>
  <testcase name="customerPageLinkTest" time="1.569" classname="com.eprocbiling.qa.testcases.HomePageTest"/>
  <testcase name="logOutLinkTest" time="0.312" classname="com.eprocbiling.qa.testcases.HomePageTest"/>
  <testcase name="customerPageTitleTest" time="0.017" classname="com.eprocbiling.qa.testcases.AddNewCustomerPageTest"/>
  <testcase name="customerMaintanceLabel" time="0.097" classname="com.eprocbiling.qa.testcases.AddNewCustomerPageTest"/>
</testsuite> <!-- Test -->
